  Sample02_3DGraphcis.cpp
c:\users\alan9\documents\cs432\project\sample02_3dgraphcis.cpp(6): warning C4067: unexpected tokens following preprocessor directive - expected a newline
c:\users\alan9\documents\cs432\project\sample02_3dgraphcis.cpp(7): warning C4067: unexpected tokens following preprocessor directive - expected a newline
c:\users\alan9\documents\cs432\project\light.h(2): warning C4067: unexpected tokens following preprocessor directive - expected a newline
c:\users\alan9\documents\cs432\project\drawable.h(5): warning C4067: unexpected tokens following preprocessor directive - expected a newline
c:\users\alan9\documents\cs432\project\sphere.h(3): warning C4067: unexpected tokens following preprocessor directive - expected a newline
c:\users\alan9\documents\cs432\project\sphere.h(4): warning C4067: unexpected tokens following preprocessor directive - expected a newline
c:\users\alan9\documents\cs432\project\sphere.h(5): warning C4067: unexpected tokens following preprocessor directive - expected a newline
c:\users\alan9\documents\cs432\project\sphere.h(46): warning C4244: 'initializing': conversion from 'double' to 'int', possible loss of data
c:\users\alan9\documents\cs432\project\sample02_3dgraphcis.cpp(8): warning C4067: unexpected tokens following preprocessor directive - expected a newline
c:\users\alan9\documents\cs432\project\sample02_3dgraphcis.cpp(9): warning C4067: unexpected tokens following preprocessor directive - expected a newline
c:\users\alan9\documents\cs432\project\cube.h(4): warning C4067: unexpected tokens following preprocessor directive - expected a newline
c:\users\alan9\documents\cs432\project\cube.h(39): warning C4244: 'initializing': conversion from 'double' to 'int', possible loss of data
c:\users\alan9\documents\cs432\project\sample02_3dgraphcis.cpp(10): warning C4067: unexpected tokens following preprocessor directive - expected a newline
c:\users\alan9\documents\cs432\project\sample02_3dgraphcis.cpp(11): warning C4067: unexpected tokens following preprocessor directive - expected a newline
c:\users\alan9\documents\cs432\project\plane.h(27): warning C4244: 'initializing': conversion from 'double' to 'const int', possible loss of data
c:\users\alan9\documents\cs432\project\sample02_3dgraphcis.cpp(12): warning C4067: unexpected tokens following preprocessor directive - expected a newline
c:\users\alan9\documents\cs432\project\sample02_3dgraphcis.cpp(13): warning C4067: unexpected tokens following preprocessor directive - expected a newline
c:\users\alan9\documents\cs432\project\sample02_3dgraphcis.cpp(14): warning C4067: unexpected tokens following preprocessor directive - expected a newline
c:\users\alan9\documents\cs432\project\sample02_3dgraphcis.cpp(103): warning C4305: 'argument': truncation from 'double' to 'GLfloat'
c:\users\alan9\documents\cs432\project\sample02_3dgraphcis.cpp(107): warning C4305: 'argument': truncation from 'double' to 'const GLfloat'
c:\users\alan9\documents\cs432\project\sample02_3dgraphcis.cpp(114): warning C4244: '=': conversion from 'double' to 'int', possible loss of data
c:\users\alan9\documents\cs432\project\sample02_3dgraphcis.cpp(154): warning C4305: 'argument': truncation from 'double' to 'GLfloat'
c:\users\alan9\documents\cs432\project\sample02_3dgraphcis.cpp(155): warning C4305: 'argument': truncation from 'double' to 'const GLfloat'
c:\users\alan9\documents\cs432\project\sample02_3dgraphcis.cpp(209): warning C4244: 'argument': conversion from 'double' to 'GLfloat', possible loss of data
c:\users\alan9\documents\cs432\project\sample02_3dgraphcis.cpp(210): warning C4244: 'argument': conversion from 'double' to 'GLfloat', possible loss of data
c:\users\alan9\documents\cs432\project\sample02_3dgraphcis.cpp(211): warning C4244: 'argument': conversion from 'double' to 'GLfloat', possible loss of data
c:\users\alan9\documents\cs432\project\sample02_3dgraphcis.cpp(222): warning C4305: 'argument': truncation from 'double' to 'const float'
c:\users\alan9\documents\cs432\project\sample02_3dgraphcis.cpp(222): warning C4305: 'argument': truncation from 'double' to 'GLfloat'
c:\users\alan9\documents\cs432\project\sample02_3dgraphcis.cpp(223): warning C4305: 'argument': truncation from 'double' to 'const float'
c:\users\alan9\documents\cs432\project\sample02_3dgraphcis.cpp(223): warning C4305: 'argument': truncation from 'double' to 'GLfloat'
c:\users\alan9\documents\cs432\project\sample02_3dgraphcis.cpp(229): warning C4305: 'argument': truncation from 'double' to 'GLfloat'
c:\users\alan9\documents\cs432\project\sample02_3dgraphcis.cpp(340): warning C4305: 'argument': truncation from 'double' to 'const GLfloat'
  Final Project.vcxproj -> C:\Users\alan9\Documents\CS432\Project\Final Project\Debug\Final Project.exe
  Final Project.vcxproj -> C:\Users\alan9\Documents\CS432\Project\Final Project\Debug\Final Project.pdb (Partial PDB)
