Cube.obj : error LNK2001: unresolved external symbol __imp____glewEnableVertexAttribArray
Cube.obj : error LNK2001: unresolved external symbol __imp____glewBindVertexArray
Cube.obj : error LNK2001: unresolved external symbol __imp____glewUseProgram
Cube.obj : error LNK2001: unresolved external symbol __imp____glewVertexAttribPointer
Cube.obj : error LNK2001: unresolved external symbol __imp____glewGetAttribLocation
Cube.obj : error LNK2001: unresolved external symbol __imp____glewBindBuffer
Cube.obj : error LNK2001: unresolved external symbol __imp____glewUniform1i
Cube.obj : error LNK2001: unresolved external symbol __imp____glewBufferSubData
Cube.obj : error LNK2001: unresolved external symbol __imp____glewUniform1f
Cube.obj : error LNK2001: unresolved external symbol __imp____glewGetUniformLocation
Cube.obj : error LNK2001: unresolved external symbol __imp____glewBufferData
Cube.obj : error LNK2001: unresolved external symbol __imp____glewActiveTexture
Cube.obj : error LNK2001: unresolved external symbol __imp____glewGenVertexArrays
Cube.obj : error LNK2001: unresolved external symbol __imp____glewUniformMatrix4fv
Cube.obj : error LNK2001: unresolved external symbol __imp____glewGenBuffers
Cube.obj : error LNK2001: unresolved external symbol __imp____glewUniform4fv
InitShader.obj : error LNK2001: unresolved external symbol __imp____glewGetShaderiv
InitShader.obj : error LNK2001: unresolved external symbol __imp____glewCompileShader
InitShader.obj : error LNK2001: unresolved external symbol __imp____glewCreateShader
InitShader.obj : error LNK2001: unresolved external symbol __imp____glewCreateProgram
InitShader.obj : error LNK2001: unresolved external symbol __imp____glewGetShaderInfoLog
InitShader.obj : error LNK2001: unresolved external symbol __imp____glewGetProgramiv
InitShader.obj : error LNK2001: unresolved external symbol __imp____glewAttachShader
InitShader.obj : error LNK2001: unresolved external symbol __imp____glewShaderSource
InitShader.obj : error LNK2001: unresolved external symbol __imp____glewGetProgramInfoLog
InitShader.obj : error LNK2001: unresolved external symbol __imp____glewLinkProgram
Sample02_3DGraphcis.obj : error LNK2001: unresolved external symbol __imp__glewInit@0
C:\Users\Joe-Laptop\documents\visual studio 2015\Projects\CS432_Final\Release\CS432_Final.exe : fatal error LNK1120: 27 unresolved externals
