c:\users\alan9\documents\cs432\final project\frozen\frozen\frozen\debug\vc140.pdb
c:\users\alan9\documents\cs432\final project\frozen\frozen\frozen\debug\vc140.idb
c:\users\alan9\documents\cs432\final project\frozen\frozen\frozen\debug\camera.obj
c:\users\alan9\documents\cs432\final project\frozen\frozen\frozen\debug\campfire.obj
c:\users\alan9\documents\cs432\final project\frozen\frozen\frozen\debug\cube.obj
c:\users\alan9\documents\cs432\final project\frozen\frozen\frozen\debug\cubemap.obj
c:\users\alan9\documents\cs432\final project\frozen\frozen\frozen\debug\drawable.obj
c:\users\alan9\documents\cs432\final project\frozen\frozen\frozen\debug\initshader.obj
c:\users\alan9\documents\cs432\final project\frozen\frozen\frozen\debug\light.obj
c:\users\alan9\documents\cs432\final project\frozen\frozen\frozen\debug\plane.obj
c:\users\alan9\documents\cs432\final project\frozen\frozen\frozen\debug\roof.obj
c:\users\alan9\documents\cs432\final project\frozen\frozen\frozen\debug\sample02_3dgraphcis.obj
c:\users\alan9\documents\cs432\final project\frozen\frozen\frozen\debug\skybox.obj
c:\users\alan9\documents\cs432\final project\frozen\frozen\frozen\debug\smoke.obj
c:\users\alan9\documents\cs432\final project\frozen\frozen\frozen\debug\snowcloud.obj
c:\users\alan9\documents\cs432\final project\frozen\frozen\frozen\debug\snowflake.obj
c:\users\alan9\documents\cs432\final project\frozen\frozen\frozen\debug\sphere.obj
c:\users\alan9\documents\cs432\final project\frozen\frozen\frozen\debug\sphereold.obj
c:\users\alan9\documents\cs432\final project\frozen\frozen\frozen\debug\tree.obj
c:\users\alan9\documents\cs432\final project\frozen\frozen\frozen\debug\treebottom.obj
c:\users\alan9\documents\cs432\final project\frozen\frozen\frozen\debug\treetop.obj
c:\users\alan9\documents\cs432\final project\frozen\frozen\frozen\debug\triangle.obj
c:\users\alan9\documents\cs432\final project\frozen\frozen\debug\frozen.ilk
c:\users\alan9\documents\cs432\final project\frozen\frozen\debug\frozen.exe
c:\users\alan9\documents\cs432\final project\frozen\frozen\debug\frozen.pdb
c:\users\alan9\documents\cs432\final project\frozen\frozen\frozen\debug\frozen.tlog\cl.command.1.tlog
c:\users\alan9\documents\cs432\final project\frozen\frozen\frozen\debug\frozen.tlog\cl.read.1.tlog
c:\users\alan9\documents\cs432\final project\frozen\frozen\frozen\debug\frozen.tlog\cl.write.1.tlog
c:\users\alan9\documents\cs432\final project\frozen\frozen\frozen\debug\frozen.tlog\link.command.1.tlog
c:\users\alan9\documents\cs432\final project\frozen\frozen\frozen\debug\frozen.tlog\link.read.1.tlog
c:\users\alan9\documents\cs432\final project\frozen\frozen\frozen\debug\frozen.tlog\link.write.1.tlog
